<?xml version="1.0" encoding="UTF-8"?>
<coverage generated="1575673814609" clover="3.2.0">
  <project timestamp="1575673814609" name="All files">
    <metrics statements="17" coveredstatements="11" conditionals="0" coveredconditionals="0" methods="3" coveredmethods="1" elements="20" coveredelements="12" complexity="0" loc="17" ncloc="17" packages="2" files="2" classes="2"/>
    <package name="lab05">
      <metrics statements="3" coveredstatements="3" conditionals="0" coveredconditionals="0" methods="0" coveredmethods="0"/>
      <file name="Band.js" path="/Users/aaronmullan/alchemy/careertrack/lab05/Band.js">
        <metrics statements="3" coveredstatements="3" conditionals="0" coveredconditionals="0" methods="0" coveredmethods="0"/>
        <line num="1" count="2" type="stmt"/>
        <line num="3" count="2" type="stmt"/>
        <line num="26" count="2" type="stmt"/>
      </file>
    </package>
    <package name="lab05.lib">
      <metrics statements="14" coveredstatements="8" conditionals="0" coveredconditionals="0" methods="3" coveredmethods="1"/>
      <file name="app.js" path="/Users/aaronmullan/alchemy/careertrack/lab05/lib/app.js">
        <metrics statements="14" coveredstatements="8" conditionals="0" coveredconditionals="0" methods="3" coveredmethods="1"/>
        <line num="1" count="1" type="stmt"/>
        <line num="2" count="1" type="stmt"/>
        <line num="3" count="1" type="stmt"/>
        <line num="5" count="1" type="stmt"/>
        <line num="7" count="1" type="stmt"/>
        <line num="8" count="0" type="stmt"/>
        <line num="12" count="1" type="stmt"/>
        <line num="13" count="1" type="stmt"/>
        <line num="17" count="0" type="stmt"/>
        <line num="22" count="0" type="stmt"/>
        <line num="24" count="0" type="stmt"/>
        <line num="26" count="0" type="stmt"/>
        <line num="28" count="0" type="stmt"/>
        <line num="32" count="1" type="stmt"/>
      </file>
    </package>
  </project>
</coverage>
